  [4;36;1mSQL (1.8ms)[0m   [0;1m SELECT name
 FROM sqlite_master
 WHERE type = 'table' AND NOT name = 'sqlite_sequence'
[0m
  [4;35;1mSQL (0.1ms)[0m   [0mselect sqlite_version(*)[0m
  [4;36;1mSQL (1.9ms)[0m   [0;1mCREATE TABLE "schema_migrations" ("version" varchar(255) NOT NULL) [0m
  [4;35;1mSQL (1.8ms)[0m   [0mCREATE UNIQUE INDEX "unique_schema_migrations" ON "schema_migrations" ("version")[0m
  [4;36;1mSQL (0.4ms)[0m   [0;1m SELECT name
 FROM sqlite_master
 WHERE type = 'table' AND NOT name = 'sqlite_sequence'
[0m
  [4;35;1mSQL (0.3ms)[0m   [0mSELECT version FROM schema_migrations[0m
Migrating to CreateUsers (20091115171146)
  [4;36;1mSQL (1.3ms)[0m   [0;1mCREATE TABLE "users" ("id" INTEGER PRIMARY KEY AUTOINCREMENT NOT NULL, "imie" varchar(255), "nazwisko" varchar(255), "telefon" varchar(255), "created_at" datetime, "updated_at" datetime) [0m
  [4;35;1mSQL (0.5ms)[0m   [0mINSERT INTO schema_migrations (version) VALUES ('20091115171146')[0m
  [4;36;1mSQL (0.4ms)[0m   [0;1m SELECT name
 FROM sqlite_master
 WHERE type = 'table' AND NOT name = 'sqlite_sequence'
[0m
  [4;35;1mSQL (0.3ms)[0m   [0mSELECT version FROM schema_migrations[0m
  [4;36;1mSQL (0.4ms)[0m   [0;1m SELECT name
 FROM sqlite_master
 WHERE type = 'table' AND NOT name = 'sqlite_sequence'
[0m
  [4;35;1mSQL (0.1ms)[0m   [0mPRAGMA index_list("users")[0m


Processing UsersController#index (for 127.0.0.1 at 2009-11-15 18:30:38) [GET]
  [4;36;1mUser Load (0.8ms)[0m   [0;1mSELECT * FROM "users" [0m
Rendering template within layouts/users
Rendering users/index
Completed in 86ms (View: 77, DB: 1) | 200 OK [http://localhost/users]


Processing UsersController#new (for 127.0.0.1 at 2009-11-15 18:30:45) [GET]
Rendering template within layouts/users
Rendering users/new
Completed in 74ms (View: 40, DB: 0) | 200 OK [http://localhost/users/new]


Processing UsersController#create (for 127.0.0.1 at 2009-11-15 18:30:55) [POST]
  Parameters: {"commit"=>"Create", "authenticity_token"=>"DqAZHcVZUsjN/KItH5b61+IlxuY3IjDGWrMK1HYhjfU=", "user"=>{"imie"=>"maciej", "telefon"=>"607899144", "nazwisko"=>"mackowski"}}
  [4;35;1mUser Create (22.7ms)[0m   [0mINSERT INTO "users" ("created_at", "imie", "updated_at", "telefon", "nazwisko") VALUES('2009-11-15 17:30:55', 'maciej', '2009-11-15 17:30:55', '607899144', 'mackowski')[0m
Redirected to http://localhost:8004/users/1
Completed in 70ms (DB: 23) | 302 Found [http://localhost/users]


Processing UsersController#show (for 127.0.0.1 at 2009-11-15 18:30:55) [GET]
  Parameters: {"id"=>"1"}
  [4;36;1mUser Load (1.9ms)[0m   [0;1mSELECT * FROM "users" WHERE ("users"."id" = 1) [0m
Rendering template within layouts/users
Rendering users/show
Completed in 65ms (View: 28, DB: 2) | 200 OK [http://localhost/users/1]


Processing UsersController#index (for 127.0.0.1 at 2009-11-15 18:38:56) [GET]
  [4;35;1mUser Load (4.2ms)[0m   [0mSELECT * FROM "users" [0m
Rendering template within layouts/users
Rendering users/index
Completed in 56ms (View: 27, DB: 4) | 200 OK [http://localhost/users]
